2023-03-03 10:42:34,852:DEBUG:certbot._internal.main:certbot version: 2.3.0
2023-03-03 10:42:34,853:DEBUG:certbot._internal.main:Location of certbot entry point: /opt/homebrew/bin/certbot
2023-03-03 10:42:34,853:DEBUG:certbot._internal.main:Arguments: ['--manual', '--preferred-challenges=dns', '--email', 'marcosvictos@gmail.com', '--server', 'https://acme-v02.api.letsencrypt.org/directory', '--work-dir=.', '--config-dir=.', '--logs-dir=.', '--agree-tos', '-d', 'dev.marcosvictos.com']
2023-03-03 10:42:34,853:DEBUG:certbot._internal.main:Discovered plugins: PluginsRegistry(PluginEntryPoint#apache,PluginEntryPoint#manual,PluginEntryPoint#nginx,PluginEntryPoint#null,PluginEntryPoint#standalone,PluginEntryPoint#webroot)
2023-03-03 10:42:34,866:DEBUG:certbot._internal.log:Root logging level set at 30
2023-03-03 10:42:34,867:DEBUG:certbot._internal.plugins.selection:Requested authenticator manual and installer None
2023-03-03 10:42:34,868:DEBUG:certbot._internal.plugins.selection:Single candidate plugin: * manual
Description: Manual configuration or run your own shell scripts
Interfaces: Authenticator, Plugin
Entry point: manual = certbot._internal.plugins.manual:Authenticator
Initialized: <certbot._internal.plugins.manual.Authenticator object at 0x102f72850>
Prep: True
2023-03-03 10:42:34,868:DEBUG:certbot._internal.plugins.selection:Selected authenticator <certbot._internal.plugins.manual.Authenticator object at 0x102f72850> and installer None
2023-03-03 10:42:34,868:INFO:certbot._internal.plugins.selection:Plugins selected: Authenticator manual, Installer None
2023-03-03 10:42:34,911:DEBUG:acme.client:Sending GET request to https://acme-v02.api.letsencrypt.org/directory.
2023-03-03 10:42:35,068:DEBUG:urllib3.connectionpool:Starting new HTTPS connection (1): acme-v02.api.letsencrypt.org:443
2023-03-03 10:42:36,028:DEBUG:urllib3.connectionpool:https://acme-v02.api.letsencrypt.org:443 "GET /directory HTTP/1.1" 200 756
2023-03-03 10:42:36,030:DEBUG:acme.client:Received response:
HTTP 200
Server: nginx
Date: Fri, 03 Mar 2023 07:42:36 GMT
Content-Type: application/json
Content-Length: 756
Connection: keep-alive
Cache-Control: public, max-age=0, no-cache
X-Frame-Options: DENY
Strict-Transport-Security: max-age=604800

{
  "DFQFQFSIi_Q": "https://community.letsencrypt.org/t/adding-random-entries-to-the-directory/33417",
  "keyChange": "https://acme-v02.api.letsencrypt.org/acme/key-change",
  "meta": {
    "caaIdentities": [
      "letsencrypt.org"
    ],
    "termsOfService": "https://letsencrypt.org/documents/LE-SA-v1.3-September-21-2022.pdf",
    "website": "https://letsencrypt.org"
  },
  "newAccount": "https://acme-v02.api.letsencrypt.org/acme/new-acct",
  "newNonce": "https://acme-v02.api.letsencrypt.org/acme/new-nonce",
  "newOrder": "https://acme-v02.api.letsencrypt.org/acme/new-order",
  "renewalInfo": "https://acme-v02.api.letsencrypt.org/get/draft-ietf-acme-ari-00/renewalInfo/",
  "revokeCert": "https://acme-v02.api.letsencrypt.org/acme/revoke-cert"
}
2023-03-03 10:42:36,030:DEBUG:acme.client:Requesting fresh nonce
2023-03-03 10:42:36,031:DEBUG:acme.client:Sending HEAD request to https://acme-v02.api.letsencrypt.org/acme/new-nonce.
2023-03-03 10:42:36,359:DEBUG:urllib3.connectionpool:https://acme-v02.api.letsencrypt.org:443 "HEAD /acme/new-nonce HTTP/1.1" 200 0
2023-03-03 10:42:36,360:DEBUG:acme.client:Received response:
HTTP 200
Server: nginx
Date: Fri, 03 Mar 2023 07:42:36 GMT
Connection: keep-alive
Cache-Control: public, max-age=0, no-cache
Link: <https://acme-v02.api.letsencrypt.org/directory>;rel="index"
Replay-Nonce: A5FE5oM1w6J5cJM-sha2jT9vaKg0bBgnUjKg3veGJ0d8nzk
X-Frame-Options: DENY
Strict-Transport-Security: max-age=604800


2023-03-03 10:42:36,360:DEBUG:acme.client:Storing nonce: A5FE5oM1w6J5cJM-sha2jT9vaKg0bBgnUjKg3veGJ0d8nzk
2023-03-03 10:42:36,360:DEBUG:acme.client:JWS payload:
b'{\n  "contact": [\n    "mailto:marcosvictos@gmail.com"\n  ],\n  "termsOfServiceAgreed": true\n}'
2023-03-03 10:42:36,365:DEBUG:acme.client:Sending POST request to https://acme-v02.api.letsencrypt.org/acme/new-acct:
{
  "protected": "eyJhbGciOiAiUlMyNTYiLCAiandrIjogeyJuIjogIjVoWXNZLVU2RnpyZkcxeFZpdzdXdnA2RnpzTVdtektyb3RkQWZUclFBVjZpOW9XS25mYzJtVmlmNFR4RF8xOTNxQXJxdGxrVmY1Ykxrd241VlpjR1lVRTBaaS1DSHU1dmZqalUtUzFOWkZ5LUxoeUcwcHNwandOVkhzU2JNVUQtNThYMC1BcUxiOXY0LUttYXMwZTdibUduYUU4WnZRb1VOTktmQU1MY2diRDdlSzU3ZFhuNV9MQi1OcVlXM1hUOTctWVZUR19vSzlHZUsxYmVrUHc5X0t4RFJXYmloZndsOUtRUjNTVUR6aFpqbnZXa0F2cW9WSUE4VkhJYzZ1V3JWclB5dXJBNG4xUFp1WFFRcUtZNHB6bW1kUXhPSVpheUcyakRNb285VUFHZmVnRUJSQ1NKVVBJTUJKVTBRZnBOX1NFT1FQVjBsaTg5RUFETk1TdzBQdyIsICJlIjogIkFRQUIiLCAia3R5IjogIlJTQSJ9LCAibm9uY2UiOiAiQTVGRTVvTTF3Nko1Y0pNLXNoYTJqVDl2YUtnMGJCZ25VaktnM3ZlR0owZDhuemsiLCAidXJsIjogImh0dHBzOi8vYWNtZS12MDIuYXBpLmxldHNlbmNyeXB0Lm9yZy9hY21lL25ldy1hY2N0In0",
  "signature": "Lpb66OICSHljTDhvN8ub2uVwEM1xfNxB4X_QJ_WGlOvE0KU4Vtc1QbvxqRl-6zpsFSZawRa6XyVJ4ryT_10SiNBALcXzne4iWLyDZPeAs7KwKCLfdulTcz6NxZvnn0yJxk9F_yXtNNAdmtCs2LhLn087OYCyh5CsWtSKxi0y941gTxZpuGUSFRQJsRF8-YbY01BBHHOKzrqm55HRMiKQWyjBJs2SFQPUJBNYlsbncyZ_ejMDAMjvJMshhkeZHYMN4IM_JYVEJVqU7a3kLRejctUX8pjYxFWHeMaY2x24giUvvX-ukzXFEHy1NPvMXvQyJ0O397Zl9QMgSN-r2-dLrA",
  "payload": "ewogICJjb250YWN0IjogWwogICAgIm1haWx0bzptYXJjb3N2aWN0b3NAZ21haWwuY29tIgogIF0sCiAgInRlcm1zT2ZTZXJ2aWNlQWdyZWVkIjogdHJ1ZQp9"
}
2023-03-03 10:42:36,679:DEBUG:urllib3.connectionpool:https://acme-v02.api.letsencrypt.org:443 "POST /acme/new-acct HTTP/1.1" 201 565
2023-03-03 10:42:36,681:DEBUG:acme.client:Received response:
HTTP 201
Server: nginx
Date: Fri, 03 Mar 2023 07:42:36 GMT
Content-Type: application/json
Content-Length: 565
Connection: keep-alive
Boulder-Requester: 991245906
Cache-Control: public, max-age=0, no-cache
Link: <https://acme-v02.api.letsencrypt.org/directory>;rel="index", <https://letsencrypt.org/documents/LE-SA-v1.3-September-21-2022.pdf>;rel="terms-of-service"
Location: https://acme-v02.api.letsencrypt.org/acme/acct/991245906
Replay-Nonce: C400hKrJdN0sIJ2AxQd7QrYBWUUKZeTALuZeCT0yTyekMRQ
X-Frame-Options: DENY
Strict-Transport-Security: max-age=604800

{
  "key": {
    "kty": "RSA",
    "n": "5hYsY-U6FzrfG1xViw7Wvp6FzsMWmzKrotdAfTrQAV6i9oWKnfc2mVif4TxD_193qArqtlkVf5bLkwn5VZcGYUE0Zi-CHu5vfjjU-S1NZFy-LhyG0pspjwNVHsSbMUD-58X0-AqLb9v4-Kmas0e7bmGnaE8ZvQoUNNKfAMLcgbD7eK57dXn5_LB-NqYW3XT97-YVTG_oK9GeK1bekPw9_KxDRWbihfwl9KQR3SUDzhZjnvWkAvqoVIA8VHIc6uWrVrPyurA4n1PZuXQQqKY4pzmmdQxOIZayG2jDMoo9UAGfegEBRCSJUPIMBJU0QfpN_SEOQPV0li89EADNMSw0Pw",
    "e": "AQAB"
  },
  "contact": [
    "mailto:marcosvictos@gmail.com"
  ],
  "initialIp": "41.90.189.194",
  "createdAt": "2023-03-03T07:42:36.784628631Z",
  "status": "valid"
}
2023-03-03 10:42:36,681:DEBUG:acme.client:Storing nonce: C400hKrJdN0sIJ2AxQd7QrYBWUUKZeTALuZeCT0yTyekMRQ
2023-03-03 10:42:43,956:ERROR:certbot._internal.log:Exiting due to user request.
